[ 2023-02-27T10:24:45+08:00 ] ::1 /supports/index.php/Customers/Customers/list?customer_email=&type=1&sex=&register_time_start=2023-01-01&register_time_end=2023-02-27&order_status=
NOTIC: D方法实例化没找到模型类Server\Model\AddressBookModel

[ 2023-02-27T13:52:50+08:00 ] ::1 /supports/index.php/Customers/Customers/list?customer_email=&type=3&sex=&register_time_start=2023-02-06&register_time_end=2023-02-27&order_status=
NOTIC: D方法实例化没找到模型类Server\Model\AddressBookModel

[ 2023-02-27T13:53:04+08:00 ] ::1 /supports/index.php/Customers/Customers/list?customer_email=&type=8&sex=&register_time_start=2023-02-06&register_time_end=2023-02-27&order_status=
NOTIC: D方法实例化没找到模型类Server\Model\AddressBookModel

[ 2023-02-27T14:54:20+08:00 ] ::1 /supports/index.php/Customers/Customers/list?customer_email=&type=&sex=&register_time_start=2023-02-01&register_time_end=2023-02-27&order_status=
NOTIC: D方法实例化没找到模型类Server\Model\AddressBookModel

[ 2023-02-27T14:54:29+08:00 ] ::1 /supports/index.php/Customers/Customers/list?customer_email=kylebthompson%40outlook.com&type=&sex=&register_time_start=2023-02-01&register_time_end=2023-02-27&order_status=
NOTIC: D方法实例化没找到模型类Server\Model\AddressBookModel

[ 2023-02-27T14:54:54+08:00 ] ::1 /supports/index.php/Customers/Customers/list?customer_email=kylebthompson%40outlook.com&type=&sex=&register_time_start=2023-02-01&register_time_end=2023-02-27&order_status=
NOTIC: D方法实例化没找到模型类Server\Model\AddressBookModel

[ 2023-02-27T14:55:15+08:00 ] ::1 /supports/index.php/Customers/Customers/export
INFO: [ app_begin ] --START--
INFO: Run Behavior\ReadHtmlCacheBehavior [ RunTime:0.000892s ]
INFO: [ app_begin ] --END-- [ RunTime:0.001559s ]
SQL: SHOW COLUMNS FROM `ym_customers` [ RunTime:0.0012s ]
SQL: SELECT COUNT(*) AS tp_count FROM ym_customers c INNER JOIN ym_site s ON s.site_id=c.site_id  WHERE c.site_id = '412' AND `customers_info_date_account_created` BETWEEN '2023-02-01 0:0:0' AND '2023-02-27 23:59:59' LIMIT 1   [ RunTime:0.0011s ]
NOTIC: [2] Cannot modify header information - headers already sent by (output started at /Users/chengwang/Sites/localhost/supports/ThinkPHP/Common/functions.php:849) /Users/chengwang/Sites/localhost/supports/ThinkPHP/Library/Think/Controller.class.php 第 215 行.

[ 2023-02-27T14:55:18+08:00 ] ::1 /supports/index.php/Customers/Customers/export
INFO: [ app_begin ] --START--
INFO: Run Behavior\ReadHtmlCacheBehavior [ RunTime:0.000715s ]
INFO: [ app_begin ] --END-- [ RunTime:0.001029s ]
SQL: SHOW COLUMNS FROM `ym_customers` [ RunTime:0.0025s ]
SQL: SELECT COUNT(*) AS tp_count FROM ym_customers c INNER JOIN ym_site s ON s.site_id=c.site_id  WHERE c.site_id = '412' AND `customers_info_date_account_created` BETWEEN '2023-02-01 0:0:0' AND '2023-02-27 23:59:59' LIMIT 1   [ RunTime:0.0010s ]
NOTIC: [2] Cannot modify header information - headers already sent by (output started at /Users/chengwang/Sites/localhost/supports/ThinkPHP/Common/functions.php:849) /Users/chengwang/Sites/localhost/supports/ThinkPHP/Library/Think/Controller.class.php 第 215 行.

[ 2023-02-27T14:55:31+08:00 ] ::1 /supports/index.php/Customers/Customers/export
INFO: [ app_begin ] --START--
INFO: Run Behavior\ReadHtmlCacheBehavior [ RunTime:0.000488s ]
INFO: [ app_begin ] --END-- [ RunTime:0.000867s ]
SQL: SHOW COLUMNS FROM `ym_customers` [ RunTime:0.0015s ]
SQL: SELECT COUNT(*) AS tp_count FROM ym_customers c INNER JOIN ym_site s ON s.site_id=c.site_id  WHERE c.site_id = '412' AND `customers_info_date_account_created` BETWEEN '2023-02-01 0:0:0' AND '2023-02-27 23:59:59' LIMIT 1   [ RunTime:0.0006s ]
NOTIC: [2] Cannot modify header information - headers already sent by (output started at /Users/chengwang/Sites/localhost/supports/ThinkPHP/Common/functions.php:849) /Users/chengwang/Sites/localhost/supports/ThinkPHP/Library/Think/Controller.class.php 第 215 行.

[ 2023-02-27T14:55:32+08:00 ] ::1 /supports/index.php/Customers/Customers/export
INFO: [ app_begin ] --START--
INFO: Run Behavior\ReadHtmlCacheBehavior [ RunTime:0.000757s ]
INFO: [ app_begin ] --END-- [ RunTime:0.001288s ]
SQL: SHOW COLUMNS FROM `ym_customers` [ RunTime:0.0021s ]
SQL: SELECT COUNT(*) AS tp_count FROM ym_customers c INNER JOIN ym_site s ON s.site_id=c.site_id  WHERE c.site_id = '414' AND `customers_info_date_account_created` BETWEEN '2023-02-01 0:0:0' AND '2023-02-27 23:59:59' LIMIT 1   [ RunTime:0.0007s ]
NOTIC: [2] Cannot modify header information - headers already sent by (output started at /Users/chengwang/Sites/localhost/supports/ThinkPHP/Common/functions.php:849) /Users/chengwang/Sites/localhost/supports/ThinkPHP/Library/Think/Controller.class.php 第 215 行.

[ 2023-02-27T14:56:43+08:00 ] ::1 /supports/index.php/Customers/Customers/export
INFO: [ app_begin ] --START--
INFO: Run Behavior\ReadHtmlCacheBehavior [ RunTime:0.000666s ]
INFO: [ app_begin ] --END-- [ RunTime:0.001284s ]
SQL: SHOW COLUMNS FROM `ym_customers` [ RunTime:0.0044s ]
SQL: SELECT COUNT(*) AS tp_count FROM ym_customers c INNER JOIN ym_site s ON s.site_id=c.site_id  WHERE c.site_id = '412' AND `customers_info_date_account_created` BETWEEN '2023-02-01 0:0:0' AND '2023-02-27 23:59:59' LIMIT 1   [ RunTime:0.0011s ]

[ 2023-02-27T14:56:44+08:00 ] ::1 /supports/index.php/Customers/Customers/export
INFO: [ app_begin ] --START--
INFO: Run Behavior\ReadHtmlCacheBehavior [ RunTime:0.000493s ]
INFO: [ app_begin ] --END-- [ RunTime:0.000755s ]
SQL: SHOW COLUMNS FROM `ym_customers` [ RunTime:0.0008s ]
SQL: SELECT COUNT(*) AS tp_count FROM ym_customers c INNER JOIN ym_site s ON s.site_id=c.site_id  WHERE c.site_id = '414' AND `customers_info_date_account_created` BETWEEN '2023-02-01 0:0:0' AND '2023-02-27 23:59:59' LIMIT 1   [ RunTime:0.0004s ]

[ 2023-02-27T15:00:04+08:00 ] ::1 /supports/index.php/Customers/Customers/export
INFO: [ app_begin ] --START--
INFO: Run Behavior\ReadHtmlCacheBehavior [ RunTime:0.000980s ]
INFO: [ app_begin ] --END-- [ RunTime:0.001620s ]
INFO: [ app_end ] --START--
INFO: Run Behavior\ShowPageTraceBehavior [ RunTime:0.001923s ]
INFO: [ app_end ] --END-- [ RunTime:0.001994s ]

[ 2023-02-27T15:00:05+08:00 ] ::1 /supports/index.php/Customers/Customers/export
INFO: [ app_begin ] --START--
INFO: Run Behavior\ReadHtmlCacheBehavior [ RunTime:0.000539s ]
INFO: [ app_begin ] --END-- [ RunTime:0.000882s ]
INFO: [ app_end ] --START--
INFO: Run Behavior\ShowPageTraceBehavior [ RunTime:0.000582s ]
INFO: [ app_end ] --END-- [ RunTime:0.000689s ]

[ 2023-02-27T15:00:06+08:00 ] ::1 /supports/index.php/Customers/Customers/export
INFO: [ app_begin ] --START--
INFO: Run Behavior\ReadHtmlCacheBehavior [ RunTime:0.001561s ]
INFO: [ app_begin ] --END-- [ RunTime:0.001918s ]
INFO: [ app_end ] --START--
INFO: Run Behavior\ShowPageTraceBehavior [ RunTime:0.000475s ]
INFO: [ app_end ] --END-- [ RunTime:0.000533s ]

[ 2023-02-27T15:54:54+08:00 ] ::1 /supports/index.php/Customers/Customers/list?customer_email=&type=4&sex=&register_time_start=2023-02-01&register_time_end=2023-02-27&order_status=
NOTIC: D方法实例化没找到模型类Server\Model\AddressBookModel

[ 2023-02-27T16:02:17+08:00 ] ::1 /supports/index.php/Customers/Customers/list?customer_email=&type=4&sex=&register_time_start=2023-02-01&register_time_end=2023-02-27&order_status=
NOTIC: D方法实例化没找到模型类Server\Model\AddressBookModel

